  [1m[35m (16.7ms)[0m  [1m[35mCREATE TABLE "schema_migrations" ("version" character varying PRIMARY KEY)[0m
  [1m[35m (19.9ms)[0m  [1m[35mCREATE TABLE "ar_internal_metadata" ("key" character varying PRIMARY KEY, "value" character varying, "created_at" timestamp NOT NULL, "updated_at" timestamp NOT NULL)[0m
  [1m[35m (0.3ms)[0m  [1m[34mSELECT pg_try_advisory_lock(8262246470326142595);[0m
  [1m[36mActiveRecord::SchemaMigration Load (0.3ms)[0m  [1m[34mSELECT "schema_migrations".* FROM "schema_migrations"[0m
Migrating to CreateTodos (20170428165527)
  [1m[35m (0.1ms)[0m  [1m[35mBEGIN[0m
  [1m[35m (14.2ms)[0m  [1m[35mCREATE TABLE "todos" ("id" serial primary key, "title" character varying, "created_by" character varying, "created_at" timestamp NOT NULL, "updated_at" timestamp NOT NULL)[0m
  [1m[35mSQL (0.4ms)[0m  [1m[32mINSERT INTO "schema_migrations" ("version") VALUES ($1) RETURNING "version"[0m  [["version", "20170428165527"]]
  [1m[35m (4.7ms)[0m  [1m[35mCOMMIT[0m
Migrating to CreateItems (20170428165650)
  [1m[35m (0.3ms)[0m  [1m[35mBEGIN[0m
  [1m[35m (15.9ms)[0m  [1m[35mCREATE TABLE "items" ("id" serial primary key, "name" character varying, "done" boolean, "todo_id" integer, "created_at" timestamp NOT NULL, "updated_at" timestamp NOT NULL, CONSTRAINT "fk_rails_c01e6b449d"
FOREIGN KEY ("todo_id")
  REFERENCES "todos" ("id")
)[0m
  [1m[35m (6.3ms)[0m  [1m[35mCREATE  INDEX  "index_items_on_todo_id" ON "items"  ("todo_id")[0m
  [1m[35mSQL (0.2ms)[0m  [1m[32mINSERT INTO "schema_migrations" ("version") VALUES ($1) RETURNING "version"[0m  [["version", "20170428165650"]]
  [1m[35m (0.4ms)[0m  [1m[35mCOMMIT[0m
  [1m[36mActiveRecord::InternalMetadata Load (0.3ms)[0m  [1m[34mSELECT  "ar_internal_metadata".* FROM "ar_internal_metadata" WHERE "ar_internal_metadata"."key" = $1 LIMIT $2[0m  [["key", :environment], ["LIMIT", 1]]
  [1m[35m (0.1ms)[0m  [1m[35mBEGIN[0m
  [1m[35mSQL (0.3ms)[0m  [1m[32mINSERT INTO "ar_internal_metadata" ("key", "value", "created_at", "updated_at") VALUES ($1, $2, $3, $4) RETURNING "key"[0m  [["key", "environment"], ["value", "development"], ["created_at", 2017-04-28 17:09:43 UTC], ["updated_at", 2017-04-28 17:09:43 UTC]]
  [1m[35m (0.3ms)[0m  [1m[35mCOMMIT[0m
  [1m[35m (0.2ms)[0m  [1m[34mSELECT pg_advisory_unlock(8262246470326142595)[0m
  [1m[36mActiveRecord::SchemaMigration Load (0.2ms)[0m  [1m[34mSELECT "schema_migrations".* FROM "schema_migrations"[0m
  [1m[35m (0.1ms)[0m  [1m[34mSELECT pg_try_advisory_lock(8262246470326142595);[0m
  [1m[36mActiveRecord::SchemaMigration Load (0.3ms)[0m  [1m[34mSELECT "schema_migrations".* FROM "schema_migrations"[0m
  [1m[36mActiveRecord::InternalMetadata Load (0.3ms)[0m  [1m[34mSELECT  "ar_internal_metadata".* FROM "ar_internal_metadata" WHERE "ar_internal_metadata"."key" = $1 LIMIT $2[0m  [["key", :environment], ["LIMIT", 1]]
  [1m[35m (0.1ms)[0m  [1m[35mBEGIN[0m
  [1m[35m (0.1ms)[0m  [1m[35mCOMMIT[0m
  [1m[35m (0.2ms)[0m  [1m[34mSELECT pg_advisory_unlock(8262246470326142595)[0m
  [1m[36mActiveRecord::SchemaMigration Load (0.1ms)[0m  [1m[34mSELECT "schema_migrations".* FROM "schema_migrations"[0m
Started GET "/" for ::1 at 2017-04-28 11:26:18 -0700
  [1m[36mActiveRecord::SchemaMigration Load (0.3ms)[0m  [1m[34mSELECT "schema_migrations".* FROM "schema_migrations"[0m
Processing by Rails::WelcomeController#index as HTML
  Parameters: {"internal"=>true}
  Rendering /usr/local/lib/ruby/gems/2.3.0/gems/railties-5.0.2/lib/rails/templates/rails/welcome/index.html.erb
  Rendered /usr/local/lib/ruby/gems/2.3.0/gems/railties-5.0.2/lib/rails/templates/rails/welcome/index.html.erb (4.7ms)
Completed 200 OK in 13ms (Views: 10.5ms | ActiveRecord: 0.0ms)


Started GET "/todos" for ::1 at 2017-04-28 12:44:20 -0700
  [1m[36mActiveRecord::SchemaMigration Load (0.3ms)[0m  [1m[34mSELECT "schema_migrations".* FROM "schema_migrations"[0m
Processing by TodosController#index as */*
  [1m[36mTodo Load (0.6ms)[0m  [1m[34mSELECT "todos".* FROM "todos"[0m
Completed 200 OK in 7ms (Views: 1.4ms | ActiveRecord: 1.5ms)


Started POST "/%20title=Mozart%20created_by=1" for ::1 at 2017-04-28 12:44:56 -0700
  
ActionController::RoutingError (No route matches [POST] "/%20title=Mozart%20created_by=1"):
  
actionpack (5.0.2) lib/action_dispatch/middleware/debug_exceptions.rb:53:in `call'
actionpack (5.0.2) lib/action_dispatch/middleware/show_exceptions.rb:31:in `call'
railties (5.0.2) lib/rails/rack/logger.rb:36:in `call_app'
railties (5.0.2) lib/rails/rack/logger.rb:24:in `block in call'
activesupport (5.0.2) lib/active_support/tagged_logging.rb:69:in `block in tagged'
activesupport (5.0.2) lib/active_support/tagged_logging.rb:26:in `tagged'
activesupport (5.0.2) lib/active_support/tagged_logging.rb:69:in `tagged'
railties (5.0.2) lib/rails/rack/logger.rb:24:in `call'
actionpack (5.0.2) lib/action_dispatch/middleware/request_id.rb:24:in `call'
rack (2.0.1) lib/rack/runtime.rb:22:in `call'
activesupport (5.0.2) lib/active_support/cache/strategy/local_cache_middleware.rb:28:in `call'
actionpack (5.0.2) lib/action_dispatch/middleware/executor.rb:12:in `call'
actionpack (5.0.2) lib/action_dispatch/middleware/static.rb:136:in `call'
rack (2.0.1) lib/rack/sendfile.rb:111:in `call'
railties (5.0.2) lib/rails/engine.rb:522:in `call'
puma (3.8.1) lib/puma/configuration.rb:224:in `call'
puma (3.8.1) lib/puma/server.rb:590:in `handle_request'
puma (3.8.1) lib/puma/server.rb:425:in `process_client'
puma (3.8.1) lib/puma/server.rb:289:in `block in run'
puma (3.8.1) lib/puma/thread_pool.rb:120:in `block in spawn_thread'
Started POST "/todos%20title=Mozart%20created_by=1" for ::1 at 2017-04-28 12:46:58 -0700
  
ActionController::RoutingError (No route matches [POST] "/todos%20title=Mozart%20created_by=1"):
  
actionpack (5.0.2) lib/action_dispatch/middleware/debug_exceptions.rb:53:in `call'
actionpack (5.0.2) lib/action_dispatch/middleware/show_exceptions.rb:31:in `call'
railties (5.0.2) lib/rails/rack/logger.rb:36:in `call_app'
railties (5.0.2) lib/rails/rack/logger.rb:24:in `block in call'
activesupport (5.0.2) lib/active_support/tagged_logging.rb:69:in `block in tagged'
activesupport (5.0.2) lib/active_support/tagged_logging.rb:26:in `tagged'
activesupport (5.0.2) lib/active_support/tagged_logging.rb:69:in `tagged'
railties (5.0.2) lib/rails/rack/logger.rb:24:in `call'
actionpack (5.0.2) lib/action_dispatch/middleware/request_id.rb:24:in `call'
rack (2.0.1) lib/rack/runtime.rb:22:in `call'
activesupport (5.0.2) lib/active_support/cache/strategy/local_cache_middleware.rb:28:in `call'
actionpack (5.0.2) lib/action_dispatch/middleware/executor.rb:12:in `call'
actionpack (5.0.2) lib/action_dispatch/middleware/static.rb:136:in `call'
rack (2.0.1) lib/rack/sendfile.rb:111:in `call'
railties (5.0.2) lib/rails/engine.rb:522:in `call'
puma (3.8.1) lib/puma/configuration.rb:224:in `call'
puma (3.8.1) lib/puma/server.rb:590:in `handle_request'
puma (3.8.1) lib/puma/server.rb:425:in `process_client'
puma (3.8.1) lib/puma/server.rb:289:in `block in run'
puma (3.8.1) lib/puma/thread_pool.rb:120:in `block in spawn_thread'
Started POST "/todos?title=Mozart&created_by=1" for ::1 at 2017-04-28 12:47:25 -0700
Processing by TodosController#create as */*
  Parameters: {"title"=>"Mozart", "created_by"=>"1"}
  [1m[35m (0.1ms)[0m  [1m[35mBEGIN[0m
  [1m[35mSQL (1.6ms)[0m  [1m[32mINSERT INTO "todos" ("title", "created_by", "created_at", "updated_at") VALUES ($1, $2, $3, $4) RETURNING "id"[0m  [["title", "Mozart"], ["created_by", "1"], ["created_at", 2017-04-28 19:47:25 UTC], ["updated_at", 2017-04-28 19:47:25 UTC]]
  [1m[35m (1.3ms)[0m  [1m[35mCOMMIT[0m
Completed 201 Created in 13ms (Views: 0.4ms | ActiveRecord: 6.0ms)


Started PUT "/todos/1" for ::1 at 2017-04-28 12:48:41 -0700
Processing by TodosController#update as */*
  Parameters: {"id"=>"1"}
  [1m[36mTodo Load (0.2ms)[0m  [1m[34mSELECT  "todos".* FROM "todos" WHERE "todos"."id" = $1 LIMIT $2[0m  [["id", 1], ["LIMIT", 1]]
Unpermitted parameter: id
  [1m[35m (0.1ms)[0m  [1m[35mBEGIN[0m
  [1m[35m (0.1ms)[0m  [1m[35mCOMMIT[0m
Completed 204 No Content in 5ms (ActiveRecord: 0.5ms)


Started GET "/todos" for ::1 at 2017-04-28 12:48:49 -0700
Processing by TodosController#index as */*
  [1m[36mTodo Load (0.3ms)[0m  [1m[34mSELECT "todos".* FROM "todos"[0m
Completed 200 OK in 2ms (Views: 1.0ms | ActiveRecord: 0.3ms)


Started PUT "/todos/1" for ::1 at 2017-04-28 12:49:12 -0700
Processing by TodosController#update as */*
  Parameters: {"id"=>"1"}
  [1m[36mTodo Load (0.2ms)[0m  [1m[34mSELECT  "todos".* FROM "todos" WHERE "todos"."id" = $1 LIMIT $2[0m  [["id", 1], ["LIMIT", 1]]
Unpermitted parameter: id
  [1m[35m (0.1ms)[0m  [1m[35mBEGIN[0m
  [1m[35m (0.1ms)[0m  [1m[35mCOMMIT[0m
Completed 204 No Content in 2ms (ActiveRecord: 0.4ms)


Started PUT "/todos/1" for ::1 at 2017-04-28 12:49:41 -0700
Processing by TodosController#update as */*
  Parameters: {"title"=>"Beeth", "id"=>"1"}
  [1m[36mTodo Load (0.3ms)[0m  [1m[34mSELECT  "todos".* FROM "todos" WHERE "todos"."id" = $1 LIMIT $2[0m  [["id", 1], ["LIMIT", 1]]
Unpermitted parameter: id
  [1m[35m (0.1ms)[0m  [1m[35mBEGIN[0m
  [1m[35mSQL (0.3ms)[0m  [1m[33mUPDATE "todos" SET "title" = $1, "updated_at" = $2 WHERE "todos"."id" = $3[0m  [["title", "Beeth"], ["updated_at", 2017-04-28 19:49:41 UTC], ["id", 1]]
  [1m[35m (6.0ms)[0m  [1m[35mCOMMIT[0m
Completed 204 No Content in 10ms (ActiveRecord: 6.7ms)


Started GET "/todos" for ::1 at 2017-04-28 12:49:50 -0700
Processing by TodosController#index as */*
  [1m[36mTodo Load (0.5ms)[0m  [1m[34mSELECT "todos".* FROM "todos"[0m
Completed 200 OK in 2ms (Views: 1.1ms | ActiveRecord: 0.5ms)


Started DELETE "/todos/1" for ::1 at 2017-04-28 12:50:09 -0700
Processing by TodosController#destroy as */*
  Parameters: {"title"=>"Beeth", "id"=>"1"}
  [1m[36mTodo Load (0.3ms)[0m  [1m[34mSELECT  "todos".* FROM "todos" WHERE "todos"."id" = $1 LIMIT $2[0m  [["id", 1], ["LIMIT", 1]]
  [1m[35m (0.1ms)[0m  [1m[35mBEGIN[0m
  [1m[36mItem Load (0.3ms)[0m  [1m[34mSELECT "items".* FROM "items" WHERE "items"."todo_id" = $1[0m  [["todo_id", 1]]
  [1m[35mSQL (0.4ms)[0m  [1m[31mDELETE FROM "todos" WHERE "todos"."id" = $1[0m  [["id", 1]]
  [1m[35m (2.2ms)[0m  [1m[35mCOMMIT[0m
Completed 204 No Content in 24ms (ActiveRecord: 6.0ms)


Started GET "/todos" for ::1 at 2017-04-28 12:50:14 -0700
Processing by TodosController#index as */*
  [1m[36mTodo Load (0.2ms)[0m  [1m[34mSELECT "todos".* FROM "todos"[0m
Completed 200 OK in 1ms (Views: 0.5ms | ActiveRecord: 0.2ms)


Started DELETE "/todos/1" for ::1 at 2017-04-28 12:52:47 -0700
Processing by TodosController#destroy as */*
  Parameters: {"title"=>"Beeth", "id"=>"1"}
  [1m[36mTodo Load (0.3ms)[0m  [1m[34mSELECT  "todos".* FROM "todos" WHERE "todos"."id" = $1 LIMIT $2[0m  [["id", 1], ["LIMIT", 1]]
Completed 404 Not Found in 2ms (Views: 0.2ms | ActiveRecord: 0.3ms)


Started GET "/todos/2/items" for ::1 at 2017-04-28 12:55:21 -0700
  [1m[36mActiveRecord::SchemaMigration Load (0.3ms)[0m  [1m[34mSELECT "schema_migrations".* FROM "schema_migrations"[0m
Processing by ItemsController#index as */*
  Parameters: {"todo_id"=>"2"}
  [1m[36mTodo Load (0.3ms)[0m  [1m[34mSELECT  "todos".* FROM "todos" WHERE "todos"."id" = $1 LIMIT $2[0m  [["id", 2], ["LIMIT", 1]]
Completed 404 Not Found in 12ms (Views: 0.2ms | ActiveRecord: 3.6ms)


Started POST "/todos/2/items" for ::1 at 2017-04-28 12:56:36 -0700
Processing by ItemsController#create as */*
  Parameters: {"name"=>"Listen to 5th Symphony", "done"=>"false", "todo_id"=>"2"}
  [1m[36mTodo Load (0.6ms)[0m  [1m[34mSELECT  "todos".* FROM "todos" WHERE "todos"."id" = $1 LIMIT $2[0m  [["id", 2], ["LIMIT", 1]]
Completed 404 Not Found in 2ms (Views: 0.2ms | ActiveRecord: 0.6ms)


Started POST "/todos/3/items" for ::1 at 2017-04-28 12:56:55 -0700
Processing by ItemsController#create as */*
  Parameters: {"name"=>"Listen to 5th Symphony", "done"=>"false", "todo_id"=>"3"}
  [1m[36mTodo Load (0.3ms)[0m  [1m[34mSELECT  "todos".* FROM "todos" WHERE "todos"."id" = $1 LIMIT $2[0m  [["id", 3], ["LIMIT", 1]]
Completed 404 Not Found in 1ms (Views: 0.3ms | ActiveRecord: 0.3ms)


Started POST "/todos/1/items" for ::1 at 2017-04-28 12:57:04 -0700
Processing by ItemsController#create as */*
  Parameters: {"name"=>"Listen to 5th Symphony", "done"=>"false", "todo_id"=>"1"}
  [1m[36mTodo Load (0.3ms)[0m  [1m[34mSELECT  "todos".* FROM "todos" WHERE "todos"."id" = $1 LIMIT $2[0m  [["id", 1], ["LIMIT", 1]]
Completed 404 Not Found in 1ms (Views: 0.2ms | ActiveRecord: 0.3ms)


Started GET "/todos/2/items" for ::1 at 2017-04-28 12:57:27 -0700
Processing by ItemsController#index as */*
  Parameters: {"todo_id"=>"2"}
  [1m[36mTodo Load (0.2ms)[0m  [1m[34mSELECT  "todos".* FROM "todos" WHERE "todos"."id" = $1 LIMIT $2[0m  [["id", 2], ["LIMIT", 1]]
Completed 404 Not Found in 1ms (Views: 0.3ms | ActiveRecord: 0.2ms)


Started POST "/todos/2/items" for ::1 at 2017-04-28 12:57:41 -0700
Processing by ItemsController#create as */*
  Parameters: {"name"=>"Listen to 5th Symphony", "done"=>"false", "todo_id"=>"2"}
  [1m[36mTodo Load (0.3ms)[0m  [1m[34mSELECT  "todos".* FROM "todos" WHERE "todos"."id" = $1 LIMIT $2[0m  [["id", 2], ["LIMIT", 1]]
Completed 404 Not Found in 1ms (Views: 0.3ms | ActiveRecord: 0.3ms)


  [1m[36mItem Load (0.4ms)[0m  [1m[34mSELECT "items".* FROM "items"[0m
  [1m[36mTodo Load (0.6ms)[0m  [1m[34mSELECT "todos".* FROM "todos"[0m
  [1m[35m (0.2ms)[0m  [1m[35mBEGIN[0m
  [1m[35mSQL (0.5ms)[0m  [1m[32mINSERT INTO "todos" ("title", "created_by", "created_at", "updated_at") VALUES ($1, $2, $3, $4) RETURNING "id"[0m  [["title", "Make API"], ["created_by", "Eric"], ["created_at", 2017-04-28 22:16:49 UTC], ["updated_at", 2017-04-28 22:16:49 UTC]]
  [1m[35m (58.4ms)[0m  [1m[35mCOMMIT[0m
  [1m[36mTodo Load (0.4ms)[0m  [1m[34mSELECT "todos".* FROM "todos"[0m
Started POST "/todos" for ::1 at 2017-04-28 15:17:10 -0700
  [1m[36mActiveRecord::SchemaMigration Load (0.3ms)[0m  [1m[34mSELECT "schema_migrations".* FROM "schema_migrations"[0m
Processing by TodosController#create as */*
  Parameters: {"name"=>"Listen to 5th Symphony", "done"=>"false"}
Unpermitted parameters: name, done
  [1m[35m (0.1ms)[0m  [1m[35mBEGIN[0m
  [1m[35m (0.1ms)[0m  [1m[31mROLLBACK[0m
Completed 422 Unprocessable Entity in 20ms (Views: 0.2ms | ActiveRecord: 3.7ms)


  [1m[36mTodo Load (0.3ms)[0m  [1m[34mSELECT  "todos".* FROM "todos" ORDER BY "todos"."id" DESC LIMIT $1[0m  [["LIMIT", 1]]
  [1m[36mItem Load (0.4ms)[0m  [1m[34mSELECT "items".* FROM "items"[0m
  [1m[35m (0.2ms)[0m  [1m[35mBEGIN[0m
  [1m[36mTodo Load (0.2ms)[0m  [1m[34mSELECT  "todos".* FROM "todos" WHERE "todos"."id" = $1 LIMIT $2[0m  [["id", 2], ["LIMIT", 1]]
  [1m[35mSQL (4.6ms)[0m  [1m[32mINSERT INTO "items" ("name", "done", "todo_id", "created_at", "updated_at") VALUES ($1, $2, $3, $4, $5) RETURNING "id"[0m  [["name", "Seed Data"], ["done", false], ["todo_id", 2], ["created_at", 2017-04-28 22:18:52 UTC], ["updated_at", 2017-04-28 22:18:52 UTC]]
  [1m[35m (0.3ms)[0m  [1m[35mCOMMIT[0m
  [1m[36mTodo Load (0.4ms)[0m  [1m[34mSELECT "todos".* FROM "todos"[0m
  [1m[36mTodo Load (0.3ms)[0m  [1m[34mSELECT  "todos".* FROM "todos" ORDER BY "todos"."id" ASC LIMIT $1[0m  [["LIMIT", 1]]
  [1m[36mTodo Load (0.4ms)[0m  [1m[34mSELECT  "todos".* FROM "todos" ORDER BY "todos"."id" DESC LIMIT $1[0m  [["LIMIT", 1]]
  [1m[36mItem Load (0.3ms)[0m  [1m[34mSELECT  "items".* FROM "items" ORDER BY "items"."id" DESC LIMIT $1[0m  [["LIMIT", 1]]
Started POST "/todos" for ::1 at 2017-04-28 15:19:58 -0700
Processing by TodosController#create as */*
  Parameters: {"name"=>"Listen to 5th Symphony", "done"=>"false"}
Unpermitted parameters: name, done
  [1m[35m (0.1ms)[0m  [1m[35mBEGIN[0m
  [1m[35m (0.1ms)[0m  [1m[31mROLLBACK[0m
Completed 422 Unprocessable Entity in 3ms (Views: 0.1ms | ActiveRecord: 0.2ms)


Started GET "/todos" for ::1 at 2017-04-28 15:20:51 -0700
Processing by TodosController#index as */*
  [1m[36mTodo Load (0.6ms)[0m  [1m[34mSELECT "todos".* FROM "todos"[0m
Completed 200 OK in 2ms (Views: 1.5ms | ActiveRecord: 0.6ms)


Started GET "/todos/2" for ::1 at 2017-04-28 15:21:52 -0700
Processing by TodosController#show as */*
  Parameters: {"id"=>"2"}
  [1m[36mTodo Load (0.2ms)[0m  [1m[34mSELECT  "todos".* FROM "todos" WHERE "todos"."id" = $1 LIMIT $2[0m  [["id", 2], ["LIMIT", 1]]
Completed 200 OK in 4ms (Views: 0.6ms | ActiveRecord: 0.3ms)


Started GET "/todos/2/items" for ::1 at 2017-04-28 15:22:12 -0700
Processing by ItemsController#index as */*
  Parameters: {"todo_id"=>"2"}
  [1m[36mTodo Load (0.5ms)[0m  [1m[34mSELECT  "todos".* FROM "todos" WHERE "todos"."id" = $1 LIMIT $2[0m  [["id", 2], ["LIMIT", 1]]
  [1m[36mItem Load (0.2ms)[0m  [1m[34mSELECT "items".* FROM "items" WHERE "items"."todo_id" = $1[0m  [["todo_id", 2]]
Completed 200 OK in 28ms (Views: 8.3ms | ActiveRecord: 2.8ms)


Started GET "/todos" for ::1 at 2017-04-28 15:25:24 -0700
  [1m[36mActiveRecord::SchemaMigration Load (0.3ms)[0m  [1m[34mSELECT "schema_migrations".* FROM "schema_migrations"[0m
Processing by TodosController#index as */*
  [1m[36mTodo Load (0.4ms)[0m  [1m[34mSELECT "todos".* FROM "todos"[0m
Completed 200 OK in 13ms (Views: 4.6ms | ActiveRecord: 3.5ms)


Started GET "/api/todos" for ::1 at 2017-04-28 15:25:54 -0700
  
ActionController::RoutingError (No route matches [GET] "/api/todos"):
  
actionpack (5.0.2) lib/action_dispatch/middleware/debug_exceptions.rb:53:in `call'
actionpack (5.0.2) lib/action_dispatch/middleware/show_exceptions.rb:31:in `call'
railties (5.0.2) lib/rails/rack/logger.rb:36:in `call_app'
railties (5.0.2) lib/rails/rack/logger.rb:24:in `block in call'
activesupport (5.0.2) lib/active_support/tagged_logging.rb:69:in `block in tagged'
activesupport (5.0.2) lib/active_support/tagged_logging.rb:26:in `tagged'
activesupport (5.0.2) lib/active_support/tagged_logging.rb:69:in `tagged'
railties (5.0.2) lib/rails/rack/logger.rb:24:in `call'
actionpack (5.0.2) lib/action_dispatch/middleware/request_id.rb:24:in `call'
rack (2.0.1) lib/rack/runtime.rb:22:in `call'
activesupport (5.0.2) lib/active_support/cache/strategy/local_cache_middleware.rb:28:in `call'
actionpack (5.0.2) lib/action_dispatch/middleware/executor.rb:12:in `call'
actionpack (5.0.2) lib/action_dispatch/middleware/static.rb:136:in `call'
rack (2.0.1) lib/rack/sendfile.rb:111:in `call'
rack-cors (0.4.1) lib/rack/cors.rb:81:in `call'
railties (5.0.2) lib/rails/engine.rb:522:in `call'
puma (3.8.1) lib/puma/configuration.rb:224:in `call'
puma (3.8.1) lib/puma/server.rb:590:in `handle_request'
puma (3.8.1) lib/puma/server.rb:425:in `process_client'
puma (3.8.1) lib/puma/server.rb:289:in `block in run'
puma (3.8.1) lib/puma/thread_pool.rb:120:in `block in spawn_thread'
Started GET "/todos" for ::1 at 2017-04-28 15:26:06 -0700
Processing by TodosController#index as */*
  [1m[36mTodo Load (0.5ms)[0m  [1m[34mSELECT "todos".* FROM "todos"[0m
Completed 200 OK in 2ms (Views: 1.1ms | ActiveRecord: 0.5ms)


Started GET "/todos" for ::1 at 2017-04-28 15:39:02 -0700
  [1m[36mActiveRecord::SchemaMigration Load (0.3ms)[0m  [1m[34mSELECT "schema_migrations".* FROM "schema_migrations"[0m
Processing by TodosController#index as */*
  [1m[36mTodo Load (0.5ms)[0m  [1m[34mSELECT "todos".* FROM "todos"[0m
No serializer found for resource: #<Todo id: 2, title: "Make API", created_by: "Eric", created_at: "2017-04-28 22:16:49", updated_at: "2017-04-28 22:16:49">
[active_model_serializers] Rendered ActiveModel::Serializer::CollectionSerializer with Todo::ActiveRecord_Relation (1.16ms)
Completed 200 OK in 21ms (Views: 13.7ms | ActiveRecord: 3.0ms)


Started GET "/todos/new_data" for ::1 at 2017-04-28 15:39:08 -0700
Processing by TodosController#show as */*
  Parameters: {"id"=>"new_data"}
  [1m[36mTodo Load (0.3ms)[0m  [1m[34mSELECT  "todos".* FROM "todos" WHERE "todos"."id" = $1 LIMIT $2[0m  [["id", 0], ["LIMIT", 1]]
[active_model_serializers] Rendered ActiveModel::Serializer::Null with Hash (0.07ms)
Completed 404 Not Found in 5ms (Views: 1.8ms | ActiveRecord: 0.5ms)


Started GET "/todos/new_data" for ::1 at 2017-04-28 15:39:41 -0700
Processing by TodosController#show as */*
  Parameters: {"id"=>"new_data"}
  [1m[36mTodo Load (0.4ms)[0m  [1m[34mSELECT  "todos".* FROM "todos" WHERE "todos"."id" = $1 LIMIT $2[0m  [["id", 0], ["LIMIT", 1]]
[active_model_serializers] Rendered ActiveModel::Serializer::Null with Hash (0.11ms)
Completed 404 Not Found in 8ms (Views: 2.5ms | ActiveRecord: 0.5ms)


Started GET "/todos" for ::1 at 2017-04-28 15:40:08 -0700
Processing by TodosController#index as */*
  [1m[36mTodo Load (0.3ms)[0m  [1m[34mSELECT "todos".* FROM "todos"[0m
No serializer found for resource: #<Todo id: 2, title: "Make API", created_by: "Eric", created_at: "2017-04-28 22:16:49", updated_at: "2017-04-28 22:16:49">
[active_model_serializers] Rendered ActiveModel::Serializer::CollectionSerializer with Todo::ActiveRecord_Relation (0.27ms)
Completed 200 OK in 10ms (Views: 7.2ms | ActiveRecord: 0.3ms)


Started GET "/todos" for ::1 at 2017-04-28 15:40:13 -0700
Processing by TodosController#index as */*
  [1m[36mTodo Load (0.2ms)[0m  [1m[34mSELECT "todos".* FROM "todos"[0m
No serializer found for resource: #<Todo id: 2, title: "Make API", created_by: "Eric", created_at: "2017-04-28 22:16:49", updated_at: "2017-04-28 22:16:49">
[active_model_serializers] Rendered ActiveModel::Serializer::CollectionSerializer with Todo::ActiveRecord_Relation (0.23ms)
Completed 200 OK in 10ms (Views: 7.7ms | ActiveRecord: 0.2ms)


  [1m[36mActiveRecord::SchemaMigration Load (0.3ms)[0m  [1m[34mSELECT "schema_migrations".* FROM "schema_migrations"[0m
  [1m[35m (0.2ms)[0m  [1m[34mSELECT "ar_internal_metadata"."value" FROM "ar_internal_metadata" WHERE "ar_internal_metadata"."key" = $1[0m  [["key", :environment]]
  [1m[36mActiveRecord::SchemaMigration Load (0.1ms)[0m  [1m[34mSELECT "schema_migrations".* FROM "schema_migrations"[0m
  [1m[35m (0.1ms)[0m  [1m[34mSELECT "ar_internal_metadata"."value" FROM "ar_internal_metadata" WHERE "ar_internal_metadata"."key" = $1[0m  [["key", :environment]]
  [1m[36mActiveRecord::SchemaMigration Load (0.1ms)[0m  [1m[34mSELECT "schema_migrations".* FROM "schema_migrations"[0m
  [1m[35m (0.1ms)[0m  [1m[34mSELECT "ar_internal_metadata"."value" FROM "ar_internal_metadata" WHERE "ar_internal_metadata"."key" = $1[0m  [["key", :environment]]
  [1m[35m (274.5ms)[0m  [1m[35mDROP DATABASE IF EXISTS "todos-api_development"[0m
  [1m[35m (286.9ms)[0m  [1m[35mDROP DATABASE IF EXISTS "todos-api_test"[0m
  [1m[35m (0.1ms)[0m  [1m[35mDROP DATABASE IF EXISTS "well_data_api_development"[0m
  [1m[35m (0.1ms)[0m  [1m[35mDROP DATABASE IF EXISTS "well_data_api_test"[0m
  [1m[35m (3.5ms)[0m  [1m[35mCREATE TABLE "schema_migrations" ("version" character varying PRIMARY KEY)[0m
  [1m[35m (1.7ms)[0m  [1m[35mCREATE TABLE "ar_internal_metadata" ("key" character varying PRIMARY KEY, "value" character varying, "created_at" timestamp NOT NULL, "updated_at" timestamp NOT NULL)[0m
  [1m[35m (0.2ms)[0m  [1m[34mSELECT pg_try_advisory_lock(6874939358732023635);[0m
  [1m[36mActiveRecord::SchemaMigration Load (0.2ms)[0m  [1m[34mSELECT "schema_migrations".* FROM "schema_migrations"[0m
Migrating to CreateWells (20170428225652)
  [1m[35m (0.1ms)[0m  [1m[35mBEGIN[0m
  [1m[35m (2.7ms)[0m  [1m[35mCREATE TABLE "wells" ("id" serial primary key, "name" character varying, "start_date" date, "end_date" date, "total_depth" decimal, "created_at" timestamp NOT NULL, "updated_at" timestamp NOT NULL)[0m
  [1m[35mSQL (0.3ms)[0m  [1m[32mINSERT INTO "schema_migrations" ("version") VALUES ($1) RETURNING "version"[0m  [["version", "20170428225652"]]
  [1m[35m (0.3ms)[0m  [1m[35mCOMMIT[0m
Migrating to CreateDepthData (20170428230146)
  [1m[35m (0.1ms)[0m  [1m[35mBEGIN[0m
  [1m[35m (2.0ms)[0m  [1m[35mCREATE TABLE "depth_data" ("id" serial primary key, "depth" float, "rop" float, "wob" float, "temp_in" float, "temp_out" float, "pressure" float, "well_id" integer, "created_at" timestamp NOT NULL, "updated_at" timestamp NOT NULL, CONSTRAINT "fk_rails_82dcc106a1"
FOREIGN KEY ("well_id")
  REFERENCES "wells" ("id")
)[0m
  [1m[35m (0.5ms)[0m  [1m[35mCREATE  INDEX  "index_depth_data_on_well_id" ON "depth_data"  ("well_id")[0m
  [1m[35mSQL (0.2ms)[0m  [1m[32mINSERT INTO "schema_migrations" ("version") VALUES ($1) RETURNING "version"[0m  [["version", "20170428230146"]]
  [1m[35m (0.3ms)[0m  [1m[35mCOMMIT[0m
Migrating to CreateDescriptions (20170428230513)
  [1m[35m (0.2ms)[0m  [1m[35mBEGIN[0m
  [1m[35m (2.2ms)[0m  [1m[35mCREATE TABLE "descriptions" ("id" serial primary key, "depth" float, "content" text, "well_id" integer, "created_at" timestamp NOT NULL, "updated_at" timestamp NOT NULL, CONSTRAINT "fk_rails_507f4d5fb6"
FOREIGN KEY ("well_id")
  REFERENCES "wells" ("id")
)[0m
  [1m[35m (0.5ms)[0m  [1m[35mCREATE  INDEX  "index_descriptions_on_well_id" ON "descriptions"  ("well_id")[0m
  [1m[35mSQL (0.3ms)[0m  [1m[32mINSERT INTO "schema_migrations" ("version") VALUES ($1) RETURNING "version"[0m  [["version", "20170428230513"]]
  [1m[35m (0.5ms)[0m  [1m[35mCOMMIT[0m
Migrating to CreateWellSymbols (20170428230840)
  [1m[35m (1.4ms)[0m  [1m[35mBEGIN[0m
  [1m[35m (3.0ms)[0m  [1m[35mCREATE TABLE "well_symbols" ("id" serial primary key, "depth" float, "symbol" character varying, "well_id" integer, "created_at" timestamp NOT NULL, "updated_at" timestamp NOT NULL, CONSTRAINT "fk_rails_6d42f152d1"
FOREIGN KEY ("well_id")
  REFERENCES "wells" ("id")
)[0m
  [1m[35m (0.5ms)[0m  [1m[35mCREATE  INDEX  "index_well_symbols_on_well_id" ON "well_symbols"  ("well_id")[0m
  [1m[35mSQL (0.2ms)[0m  [1m[32mINSERT INTO "schema_migrations" ("version") VALUES ($1) RETURNING "version"[0m  [["version", "20170428230840"]]
  [1m[35m (0.3ms)[0m  [1m[35mCOMMIT[0m
Migrating to CreateMineralogies (20170428231911)
  [1m[35m (0.2ms)[0m  [1m[35mBEGIN[0m
  [1m[35m (2.4ms)[0m  [1m[35mCREATE TABLE "mineralogies" ("id" serial primary key, "depth" float, "quartz" float, "calcite" float, "pyrite" float, "pyrrhotite" float, "chloite" float, "axinite" float, "actinolite" float, "tourmaline" float, "well_id" integer, "created_at" timestamp NOT NULL, "updated_at" timestamp NOT NULL, CONSTRAINT "fk_rails_a91b262c03"
FOREIGN KEY ("well_id")
  REFERENCES "wells" ("id")
)[0m
  [1m[35m (0.8ms)[0m  [1m[35mCREATE  INDEX  "index_mineralogies_on_well_id" ON "mineralogies"  ("well_id")[0m
  [1m[35mSQL (0.2ms)[0m  [1m[32mINSERT INTO "schema_migrations" ("version") VALUES ($1) RETURNING "version"[0m  [["version", "20170428231911"]]
  [1m[35m (0.4ms)[0m  [1m[35mCOMMIT[0m
Migrating to CreateLithologies (20170428232014)
  [1m[35m (0.2ms)[0m  [1m[35mBEGIN[0m
  [1m[35m (2.3ms)[0m  [1m[35mCREATE TABLE "lithologies" ("id" serial primary key, "depth" character varying, "blank" float, "cement" float, "graywacke" float, "greenstone" float, "chert" float, "mum" float, "blueschist" float, "argillite" float, "serpentine" float, "clay" float, "peridotite" float, "well_id" integer, "created_at" timestamp NOT NULL, "updated_at" timestamp NOT NULL, CONSTRAINT "fk_rails_264f86bf82"
FOREIGN KEY ("well_id")
  REFERENCES "wells" ("id")
)[0m
  [1m[35m (0.5ms)[0m  [1m[35mCREATE  INDEX  "index_lithologies_on_well_id" ON "lithologies"  ("well_id")[0m
  [1m[35mSQL (0.1ms)[0m  [1m[32mINSERT INTO "schema_migrations" ("version") VALUES ($1) RETURNING "version"[0m  [["version", "20170428232014"]]
  [1m[35m (0.3ms)[0m  [1m[35mCOMMIT[0m
  [1m[36mActiveRecord::InternalMetadata Load (0.2ms)[0m  [1m[34mSELECT  "ar_internal_metadata".* FROM "ar_internal_metadata" WHERE "ar_internal_metadata"."key" = $1 LIMIT $2[0m  [["key", :environment], ["LIMIT", 1]]
  [1m[35m (0.1ms)[0m  [1m[35mBEGIN[0m
  [1m[35mSQL (0.2ms)[0m  [1m[32mINSERT INTO "ar_internal_metadata" ("key", "value", "created_at", "updated_at") VALUES ($1, $2, $3, $4) RETURNING "key"[0m  [["key", "environment"], ["value", "development"], ["created_at", 2017-04-28 23:37:10 UTC], ["updated_at", 2017-04-28 23:37:10 UTC]]
  [1m[35m (0.3ms)[0m  [1m[35mCOMMIT[0m
  [1m[35m (0.2ms)[0m  [1m[34mSELECT pg_advisory_unlock(6874939358732023635)[0m
  [1m[36mActiveRecord::SchemaMigration Load (0.1ms)[0m  [1m[34mSELECT "schema_migrations".* FROM "schema_migrations"[0m
  [1m[35m (0.2ms)[0m  [1m[34mSELECT pg_try_advisory_lock(6874939358732023635);[0m
  [1m[36mActiveRecord::SchemaMigration Load (6.7ms)[0m  [1m[34mSELECT "schema_migrations".* FROM "schema_migrations"[0m
Migrating to AddWellNumberToWells (20170429161644)
  [1m[35m (0.1ms)[0m  [1m[35mBEGIN[0m
  [1m[35m (6.4ms)[0m  [1m[35mALTER TABLE "wells" ADD "well_number" character varying[0m
  [1m[35mSQL (0.3ms)[0m  [1m[32mINSERT INTO "schema_migrations" ("version") VALUES ($1) RETURNING "version"[0m  [["version", "20170429161644"]]
  [1m[35m (6.1ms)[0m  [1m[35mCOMMIT[0m
  [1m[36mActiveRecord::InternalMetadata Load (0.3ms)[0m  [1m[34mSELECT  "ar_internal_metadata".* FROM "ar_internal_metadata" WHERE "ar_internal_metadata"."key" = $1 LIMIT $2[0m  [["key", :environment], ["LIMIT", 1]]
  [1m[35m (0.1ms)[0m  [1m[35mBEGIN[0m
  [1m[35m (0.1ms)[0m  [1m[35mCOMMIT[0m
  [1m[35m (0.1ms)[0m  [1m[34mSELECT pg_advisory_unlock(6874939358732023635)[0m
  [1m[36mActiveRecord::SchemaMigration Load (0.3ms)[0m  [1m[34mSELECT "schema_migrations".* FROM "schema_migrations"[0m
  [1m[35m (0.1ms)[0m  [1m[34mSELECT pg_try_advisory_lock(6874939358732023635);[0m
  [1m[36mActiveRecord::SchemaMigration Load (0.4ms)[0m  [1m[34mSELECT "schema_migrations".* FROM "schema_migrations"[0m
Migrating to RemoveWellNumberToWells (20170429162003)
  [1m[35m (0.1ms)[0m  [1m[35mBEGIN[0m
  [1m[35m (19.8ms)[0m  [1m[35mALTER TABLE "wells" DROP "well_number"[0m
  [1m[35mSQL (0.4ms)[0m  [1m[32mINSERT INTO "schema_migrations" ("version") VALUES ($1) RETURNING "version"[0m  [["version", "20170429162003"]]
  [1m[35m (0.3ms)[0m  [1m[35mCOMMIT[0m
  [1m[36mActiveRecord::InternalMetadata Load (0.2ms)[0m  [1m[34mSELECT  "ar_internal_metadata".* FROM "ar_internal_metadata" WHERE "ar_internal_metadata"."key" = $1 LIMIT $2[0m  [["key", :environment], ["LIMIT", 1]]
  [1m[35m (0.7ms)[0m  [1m[35mBEGIN[0m
  [1m[35m (0.1ms)[0m  [1m[35mCOMMIT[0m
  [1m[35m (0.2ms)[0m  [1m[34mSELECT pg_advisory_unlock(6874939358732023635)[0m
  [1m[36mActiveRecord::SchemaMigration Load (0.2ms)[0m  [1m[34mSELECT "schema_migrations".* FROM "schema_migrations"[0m
  [1m[35m (0.2ms)[0m  [1m[34mSELECT pg_try_advisory_lock(6874939358732023635);[0m
  [1m[36mActiveRecord::SchemaMigration Load (0.3ms)[0m  [1m[34mSELECT "schema_migrations".* FROM "schema_migrations"[0m
Migrating to AddWellNumberToWells (20170429162220)
  [1m[35m (0.1ms)[0m  [1m[35mBEGIN[0m
  [1m[35m (0.6ms)[0m  [1m[35mALTER TABLE "wells" ADD "well_number" integer[0m
  [1m[35mSQL (0.3ms)[0m  [1m[32mINSERT INTO "schema_migrations" ("version") VALUES ($1) RETURNING "version"[0m  [["version", "20170429162220"]]
  [1m[35m (2.0ms)[0m  [1m[35mCOMMIT[0m
  [1m[36mActiveRecord::InternalMetadata Load (0.3ms)[0m  [1m[34mSELECT  "ar_internal_metadata".* FROM "ar_internal_metadata" WHERE "ar_internal_metadata"."key" = $1 LIMIT $2[0m  [["key", :environment], ["LIMIT", 1]]
  [1m[35m (0.1ms)[0m  [1m[35mBEGIN[0m
  [1m[35m (0.1ms)[0m  [1m[35mCOMMIT[0m
  [1m[35m (0.2ms)[0m  [1m[34mSELECT pg_advisory_unlock(6874939358732023635)[0m
  [1m[36mActiveRecord::SchemaMigration Load (0.3ms)[0m  [1m[34mSELECT "schema_migrations".* FROM "schema_migrations"[0m
  [1m[35m (0.1ms)[0m  [1m[34mSELECT pg_try_advisory_lock(6874939358732023635);[0m
  [1m[36mActiveRecord::SchemaMigration Load (0.7ms)[0m  [1m[34mSELECT "schema_migrations".* FROM "schema_migrations"[0m
  [1m[36mActiveRecord::InternalMetadata Load (0.3ms)[0m  [1m[34mSELECT  "ar_internal_metadata".* FROM "ar_internal_metadata" WHERE "ar_internal_metadata"."key" = $1 LIMIT $2[0m  [["key", :environment], ["LIMIT", 1]]
  [1m[35m (0.2ms)[0m  [1m[35mBEGIN[0m
  [1m[35m (0.1ms)[0m  [1m[35mCOMMIT[0m
  [1m[35m (0.2ms)[0m  [1m[34mSELECT pg_advisory_unlock(6874939358732023635)[0m
  [1m[36mActiveRecord::SchemaMigration Load (0.1ms)[0m  [1m[34mSELECT "schema_migrations".* FROM "schema_migrations"[0m
Started GET "/wells" for ::1 at 2017-04-29 10:06:17 -0700
  [1m[36mActiveRecord::SchemaMigration Load (0.4ms)[0m  [1m[34mSELECT "schema_migrations".* FROM "schema_migrations"[0m
Processing by WellsController#index as */*
  [1m[36mWell Load (0.5ms)[0m  [1m[34mSELECT "wells".* FROM "wells"[0m
[active_model_serializers] Rendered ActiveModel::Serializer::CollectionSerializer with ActiveModelSerializers::Adapter::JsonApi (0.89ms)
Completed 200 OK in 24ms (Views: 13.3ms | ActiveRecord: 1.4ms)


  [1m[36mActiveRecord::SchemaMigration Load (0.4ms)[0m  [1m[34mSELECT "schema_migrations".* FROM "schema_migrations"[0m
  [1m[35mSQL (0.5ms)[0m  [1m[31mDELETE FROM "wells"[0m
  [1m[36mActiveRecord::SchemaMigration Load (0.4ms)[0m  [1m[34mSELECT "schema_migrations".* FROM "schema_migrations"[0m
  [1m[35mSQL (0.5ms)[0m  [1m[31mDELETE FROM "wells"[0m
  [1m[35m (0.1ms)[0m  [1m[35mBEGIN[0m
  [1m[35mSQL (1.8ms)[0m  [1m[32mINSERT INTO "wells" ("name", "start_date", "end_date", "total_depth", "created_at", "updated_at", "well_number") VALUES ($1, $2, $3, $4, $5, $6, $7) RETURNING "id"[0m  [["name", "Green Siren Brain"], ["start_date", Fri, 31 Mar 2017], ["end_date", Sat, 10 Dec 2016], ["total_depth", #<BigDecimal:7fcb74adbf78,'0.4349E4',9(18)>], ["created_at", 2017-04-29 17:19:06 UTC], ["updated_at", 2017-04-29 17:19:06 UTC], ["well_number", 182]]
  [1m[35m (1.5ms)[0m  [1m[35mCOMMIT[0m
  [1m[35m (0.1ms)[0m  [1m[35mBEGIN[0m
  [1m[35mSQL (0.3ms)[0m  [1m[32mINSERT INTO "wells" ("name", "start_date", "end_date", "total_depth", "created_at", "updated_at", "well_number") VALUES ($1, $2, $3, $4, $5, $6, $7) RETURNING "id"[0m  [["name", "Doctor Destroyer Wolf"], ["start_date", Thu, 13 Apr 2017], ["end_date", Wed, 07 Dec 2016], ["total_depth", #<BigDecimal:7fcb74d1f2a8,'0.7422E4',9(18)>], ["created_at", 2017-04-29 17:19:06 UTC], ["updated_at", 2017-04-29 17:19:06 UTC], ["well_number", 107]]
  [1m[35m (0.3ms)[0m  [1m[35mCOMMIT[0m
  [1m[35m (0.1ms)[0m  [1m[35mBEGIN[0m
  [1m[35mSQL (0.3ms)[0m  [1m[32mINSERT INTO "wells" ("name", "start_date", "end_date", "total_depth", "created_at", "updated_at", "well_number") VALUES ($1, $2, $3, $4, $5, $6, $7) RETURNING "id"[0m  [["name", "Magog"], ["start_date", Wed, 16 Nov 2016], ["end_date", Fri, 16 Dec 2016], ["total_depth", #<BigDecimal:7fcb73db60f0,'0.797E4',9(18)>], ["created_at", 2017-04-29 17:19:06 UTC], ["updated_at", 2017-04-29 17:19:06 UTC], ["well_number", 137]]
  [1m[35m (0.3ms)[0m  [1m[35mCOMMIT[0m
  [1m[35m (0.1ms)[0m  [1m[35mBEGIN[0m
  [1m[35mSQL (0.2ms)[0m  [1m[32mINSERT INTO "wells" ("name", "start_date", "end_date", "total_depth", "created_at", "updated_at", "well_number") VALUES ($1, $2, $3, $4, $5, $6, $7) RETURNING "id"[0m  [["name", "Green Callisto"], ["start_date", Wed, 04 Jan 2017], ["end_date", Mon, 23 Jan 2017], ["total_depth", #<BigDecimal:7fcb74abb8b8,'0.1504E4',9(18)>], ["created_at", 2017-04-29 17:19:06 UTC], ["updated_at", 2017-04-29 17:19:06 UTC], ["well_number", 139]]
  [1m[35m (0.3ms)[0m  [1m[35mCOMMIT[0m
  [1m[35m (0.1ms)[0m  [1m[35mBEGIN[0m
  [1m[35mSQL (0.2ms)[0m  [1m[32mINSERT INTO "wells" ("name", "start_date", "end_date", "total_depth", "created_at", "updated_at", "well_number") VALUES ($1, $2, $3, $4, $5, $6, $7) RETURNING "id"[0m  [["name", "Green Ra's Al Ghul"], ["start_date", Tue, 31 Jan 2017], ["end_date", Mon, 13 Feb 2017], ["total_depth", #<BigDecimal:7fcb73dc7e40,'0.1603E4',9(18)>], ["created_at", 2017-04-29 17:19:06 UTC], ["updated_at", 2017-04-29 17:19:06 UTC], ["well_number", 191]]
  [1m[35m (0.2ms)[0m  [1m[35mCOMMIT[0m
  [1m[35m (0.1ms)[0m  [1m[35mBEGIN[0m
  [1m[35mSQL (0.2ms)[0m  [1m[32mINSERT INTO "wells" ("name", "start_date", "end_date", "total_depth", "created_at", "updated_at", "well_number") VALUES ($1, $2, $3, $4, $5, $6, $7) RETURNING "id"[0m  [["name", "General Frenzy Strike"], ["start_date", Fri, 06 Jan 2017], ["end_date", Mon, 23 Jan 2017], ["total_depth", #<BigDecimal:7fcb73dcc4b8,'0.8736E4',9(18)>], ["created_at", 2017-04-29 17:19:06 UTC], ["updated_at", 2017-04-29 17:19:06 UTC], ["well_number", 102]]
  [1m[35m (0.2ms)[0m  [1m[35mCOMMIT[0m
  [1m[35m (0.1ms)[0m  [1m[35mBEGIN[0m
  [1m[35mSQL (0.2ms)[0m  [1m[32mINSERT INTO "wells" ("name", "start_date", "end_date", "total_depth", "created_at", "updated_at", "well_number") VALUES ($1, $2, $3, $4, $5, $6, $7) RETURNING "id"[0m  [["name", "Ultra Plastique Machine"], ["start_date", Wed, 15 Feb 2017], ["end_date", Sat, 11 Feb 2017], ["total_depth", #<BigDecimal:7fcb74a9adc0,'0.3927E4',9(18)>], ["created_at", 2017-04-29 17:19:06 UTC], ["updated_at", 2017-04-29 17:19:06 UTC], ["well_number", 156]]
  [1m[35m (0.3ms)[0m  [1m[35mCOMMIT[0m
  [1m[35m (0.1ms)[0m  [1m[35mBEGIN[0m
  [1m[35mSQL (0.3ms)[0m  [1m[32mINSERT INTO "wells" ("name", "start_date", "end_date", "total_depth", "created_at", "updated_at", "well_number") VALUES ($1, $2, $3, $4, $5, $6, $7) RETURNING "id"[0m  [["name", "Doppelganger"], ["start_date", Sun, 20 Nov 2016], ["end_date", Sun, 23 Apr 2017], ["total_depth", #<BigDecimal:7fcb74a90ac8,'0.7667E4',9(18)>], ["created_at", 2017-04-29 17:19:06 UTC], ["updated_at", 2017-04-29 17:19:06 UTC], ["well_number", 146]]
  [1m[35m (0.4ms)[0m  [1m[35mCOMMIT[0m
  [1m[35m (0.1ms)[0m  [1m[35mBEGIN[0m
  [1m[35mSQL (0.2ms)[0m  [1m[32mINSERT INTO "wells" ("name", "start_date", "end_date", "total_depth", "created_at", "updated_at", "well_number") VALUES ($1, $2, $3, $4, $5, $6, $7) RETURNING "id"[0m  [["name", "Cyborg Abomination"], ["start_date", Fri, 10 Mar 2017], ["end_date", Sun, 08 Jan 2017], ["total_depth", #<BigDecimal:7fcb73ddf310,'0.365E4',9(18)>], ["created_at", 2017-04-29 17:19:06 UTC], ["updated_at", 2017-04-29 17:19:06 UTC], ["well_number", 119]]
  [1m[35m (0.2ms)[0m  [1m[35mCOMMIT[0m
  [1m[35m (0.1ms)[0m  [1m[35mBEGIN[0m
  [1m[35mSQL (0.2ms)[0m  [1m[32mINSERT INTO "wells" ("name", "start_date", "end_date", "total_depth", "created_at", "updated_at", "well_number") VALUES ($1, $2, $3, $4, $5, $6, $7) RETURNING "id"[0m  [["name", "Warlock"], ["start_date", Tue, 01 Nov 2016], ["end_date", Wed, 26 Apr 2017], ["total_depth", #<BigDecimal:7fcb73de5c38,'0.6974E4',9(18)>], ["created_at", 2017-04-29 17:19:06 UTC], ["updated_at", 2017-04-29 17:19:06 UTC], ["well_number", 177]]
  [1m[35m (0.3ms)[0m  [1m[35mCOMMIT[0m
Started GET "/wells" for ::1 at 2017-04-29 10:19:57 -0700
  [1m[36mActiveRecord::SchemaMigration Load (0.4ms)[0m  [1m[34mSELECT "schema_migrations".* FROM "schema_migrations"[0m
Processing by WellsController#index as */*
  [1m[36mWell Load (0.9ms)[0m  [1m[34mSELECT "wells".* FROM "wells"[0m
No serializer found for resource: #<Well id: 1, name: "Green Siren Brain", start_date: "2017-03-31", end_date: "2016-12-10", total_depth: #<BigDecimal:7f9aa83e60a8,'0.4349E4',9(18)>, created_at: "2017-04-29 17:19:06", updated_at: "2017-04-29 17:19:06", well_number: 182>
[active_model_serializers] Rendered ActiveModel::Serializer::CollectionSerializer with Well::ActiveRecord_Relation (2.91ms)
Completed 200 OK in 30ms (Views: 18.3ms | ActiveRecord: 4.3ms)


Started GET "/wells/1" for ::1 at 2017-04-29 10:27:56 -0700
  
AbstractController::ActionNotFound (The action 'show' could not be found for WellsController):
  
actionpack (5.0.2) lib/abstract_controller/base.rb:121:in `process'
actionpack (5.0.2) lib/action_controller/metal.rb:190:in `dispatch'
actionpack (5.0.2) lib/action_controller/metal.rb:262:in `dispatch'
actionpack (5.0.2) lib/action_dispatch/routing/route_set.rb:50:in `dispatch'
actionpack (5.0.2) lib/action_dispatch/routing/route_set.rb:32:in `serve'
actionpack (5.0.2) lib/action_dispatch/journey/router.rb:39:in `block in serve'
actionpack (5.0.2) lib/action_dispatch/journey/router.rb:26:in `each'
actionpack (5.0.2) lib/action_dispatch/journey/router.rb:26:in `serve'
actionpack (5.0.2) lib/action_dispatch/routing/route_set.rb:725:in `call'
rack (2.0.1) lib/rack/etag.rb:25:in `call'
rack (2.0.1) lib/rack/conditional_get.rb:25:in `call'
rack (2.0.1) lib/rack/head.rb:12:in `call'
activerecord (5.0.2) lib/active_record/migration.rb:553:in `call'
actionpack (5.0.2) lib/action_dispatch/middleware/callbacks.rb:38:in `block in call'
activesupport (5.0.2) lib/active_support/callbacks.rb:97:in `__run_callbacks__'
activesupport (5.0.2) lib/active_support/callbacks.rb:750:in `_run_call_callbacks'
activesupport (5.0.2) lib/active_support/callbacks.rb:90:in `run_callbacks'
actionpack (5.0.2) lib/action_dispatch/middleware/callbacks.rb:36:in `call'
actionpack (5.0.2) lib/action_dispatch/middleware/executor.rb:12:in `call'
actionpack (5.0.2) lib/action_dispatch/middleware/remote_ip.rb:79:in `call'
actionpack (5.0.2) lib/action_dispatch/middleware/debug_exceptions.rb:49:in `call'
actionpack (5.0.2) lib/action_dispatch/middleware/show_exceptions.rb:31:in `call'
railties (5.0.2) lib/rails/rack/logger.rb:36:in `call_app'
railties (5.0.2) lib/rails/rack/logger.rb:24:in `block in call'
activesupport (5.0.2) lib/active_support/tagged_logging.rb:69:in `block in tagged'
activesupport (5.0.2) lib/active_support/tagged_logging.rb:26:in `tagged'
activesupport (5.0.2) lib/active_support/tagged_logging.rb:69:in `tagged'
railties (5.0.2) lib/rails/rack/logger.rb:24:in `call'
actionpack (5.0.2) lib/action_dispatch/middleware/request_id.rb:24:in `call'
rack (2.0.1) lib/rack/runtime.rb:22:in `call'
activesupport (5.0.2) lib/active_support/cache/strategy/local_cache_middleware.rb:28:in `call'
actionpack (5.0.2) lib/action_dispatch/middleware/executor.rb:12:in `call'
actionpack (5.0.2) lib/action_dispatch/middleware/static.rb:136:in `call'
rack (2.0.1) lib/rack/sendfile.rb:111:in `call'
rack-cors (0.4.1) lib/rack/cors.rb:81:in `call'
railties (5.0.2) lib/rails/engine.rb:522:in `call'
puma (3.8.1) lib/puma/configuration.rb:224:in `call'
puma (3.8.1) lib/puma/server.rb:590:in `handle_request'
puma (3.8.1) lib/puma/server.rb:425:in `process_client'
puma (3.8.1) lib/puma/server.rb:289:in `block in run'
puma (3.8.1) lib/puma/thread_pool.rb:120:in `block in spawn_thread'
